<?xml version="1.0" encoding="UTF-8"?>
<coverage generated="1549540582587" clover="3.2.0">
  <project timestamp="1549540582588" name="All files">
    <metrics statements="5" coveredstatements="3" conditionals="0" coveredconditionals="0" methods="2" coveredmethods="1" elements="7" coveredelements="4" complexity="0" loc="5" ncloc="5" packages="1" files="3" classes="3"/>
    <file name="App.js" path="/Users/naome/Desktop/React-Fast-food-fast/src/App.js">
      <metrics statements="1" coveredstatements="0" conditionals="0" coveredconditionals="0" methods="1" coveredmethods="0"/>
      <line num="7" count="0" type="stmt"/>
    </file>
    <file name="WelcomeMessage.js" path="/Users/naome/Desktop/React-Fast-food-fast/src/WelcomeMessage.js">
      <metrics statements="3" coveredstatements="3" conditionals="0" coveredconditionals="0" methods="1" coveredmethods="1"/>
      <line num="3" count="1" type="stmt"/>
      <line num="16" count="1" type="stmt"/>
      <line num="17" count="1" type="stmt"/>
    </file>
    <file name="index.js" path="/Users/naome/Desktop/React-Fast-food-fast/src/index.js">
      <metrics statements="1" coveredstatements="0" conditionals="0" coveredconditionals="0" methods="0" coveredmethods="0"/>
      <line num="5" count="0" type="stmt"/>
    </file>
  </project>
</coverage>
