{"/Users/naome/Desktop/React-Fast-food-fast/src/App.js": {"path":"/Users/naome/Desktop/React-Fast-food-fast/src/App.js","statementMap":{"0":{"start":{"line":7,"column":4},"end":{"line":11,"column":6}}},"fnMap":{"0":{"name":"(anonymous_0)","decl":{"start":{"line":6,"column":2},"end":{"line":6,"column":3}},"loc":{"start":{"line":6,"column":11},"end":{"line":12,"column":3}},"line":6}},"branchMap":{},"s":{"0":0},"f":{"0":0},"b":{}}
,"/Users/naome/Desktop/React-Fast-food-fast/src/WelcomeMessage.js": {"path":"/Users/naome/Desktop/React-Fast-food-fast/src/WelcomeMessage.js","statementMap":{"0":{"start":{"line":3,"column":15},"end":{"line":14,"column":1}},"1":{"start":{"line":16,"column":23},"end":{"line":23,"column":1}},"2":{"start":{"line":17,"column":2},"end":{"line":22,"column":4}}},"fnMap":{"0":{"name":"(anonymous_0)","decl":{"start":{"line":16,"column":23},"end":{"line":16,"column":24}},"loc":{"start":{"line":16,"column":40},"end":{"line":23,"column":1}},"line":16}},"branchMap":{},"s":{"0":1,"1":1,"2":1},"f":{"0":1},"b":{},"_coverageSchema":"43e27e138ebf9cfc5966b082cf9a028302ed4184","hash":"cf11a20a0bc64ba91e902872a52ef3383e5c3579"}
,"/Users/naome/Desktop/React-Fast-food-fast/src/index.js": {"path":"/Users/naome/Desktop/React-Fast-food-fast/src/index.js","statementMap":{"0":{"start":{"line":5,"column":0},"end":{"line":9,"column":2}}},"fnMap":{},"branchMap":{},"s":{"0":0},"f":{},"b":{}}
,"/Users/naome/Desktop/React-Fast-food-fast/src/Routes/index.js": {"path":"/Users/naome/Desktop/React-Fast-food-fast/src/Routes/index.js","statementMap":{"0":{"start":{"line":9,"column":4},"end":{"line":16,"column":6}}},"fnMap":{"0":{"name":"(anonymous_0)","decl":{"start":{"line":8,"column":2},"end":{"line":8,"column":3}},"loc":{"start":{"line":8,"column":11},"end":{"line":17,"column":3}},"line":8}},"branchMap":{},"s":{"0":0},"f":{"0":0},"b":{}}
,"/Users/naome/Desktop/React-Fast-food-fast/src/componets/header.js": {"path":"/Users/naome/Desktop/React-Fast-food-fast/src/componets/header.js","statementMap":{"0":{"start":{"line":6,"column":4},"end":{"line":18,"column":6}}},"fnMap":{"0":{"name":"(anonymous_0)","decl":{"start":{"line":5,"column":2},"end":{"line":5,"column":3}},"loc":{"start":{"line":5,"column":11},"end":{"line":19,"column":3}},"line":5}},"branchMap":{},"s":{"0":0},"f":{"0":0},"b":{}}
,"/Users/naome/Desktop/React-Fast-food-fast/src/componets/homeComponet.js": {"path":"/Users/naome/Desktop/React-Fast-food-fast/src/componets/homeComponet.js","statementMap":{"0":{"start":{"line":10,"column":4},"end":{"line":49,"column":6}}},"fnMap":{"0":{"name":"(anonymous_0)","decl":{"start":{"line":9,"column":2},"end":{"line":9,"column":3}},"loc":{"start":{"line":9,"column":11},"end":{"line":50,"column":3}},"line":9}},"branchMap":{},"s":{"0":0},"f":{"0":0},"b":{}}
,"/Users/naome/Desktop/React-Fast-food-fast/src/componets/signupComponet.js": {"path":"/Users/naome/Desktop/React-Fast-food-fast/src/componets/signupComponet.js","statementMap":{"0":{"start":{"line":7,"column":4},"end":{"line":7,"column":17}},"1":{"start":{"line":8,"column":4},"end":{"line":12,"column":6}},"2":{"start":{"line":13,"column":4},"end":{"line":13,"column":45}},"3":{"start":{"line":14,"column":4},"end":{"line":14,"column":45}},"4":{"start":{"line":18,"column":4},"end":{"line":18,"column":55}},"5":{"start":{"line":22,"column":4},"end":{"line":22,"column":23}},"6":{"start":{"line":23,"column":4},"end":{"line":23,"column":28}},"7":{"start":{"line":26,"column":4},"end":{"line":71,"column":6}}},"fnMap":{"0":{"name":"(anonymous_0)","decl":{"start":{"line":6,"column":2},"end":{"line":6,"column":3}},"loc":{"start":{"line":6,"column":21},"end":{"line":15,"column":3}},"line":6},"1":{"name":"(anonymous_1)","decl":{"start":{"line":17,"column":2},"end":{"line":17,"column":3}},"loc":{"start":{"line":17,"column":14},"end":{"line":19,"column":3}},"line":17},"2":{"name":"(anonymous_2)","decl":{"start":{"line":21,"column":2},"end":{"line":21,"column":3}},"loc":{"start":{"line":21,"column":14},"end":{"line":24,"column":3}},"line":21},"3":{"name":"(anonymous_3)","decl":{"start":{"line":25,"column":2},"end":{"line":25,"column":3}},"loc":{"start":{"line":25,"column":11},"end":{"line":72,"column":3}},"line":25}},"branchMap":{},"s":{"0":0,"1":0,"2":0,"3":0,"4":0,"5":0,"6":0,"7":0},"f":{"0":0,"1":0,"2":0,"3":0},"b":{}}
,"/Users/naome/Desktop/React-Fast-food-fast/src/componets/auth/loginComponet.js": {"path":"/Users/naome/Desktop/React-Fast-food-fast/src/componets/auth/loginComponet.js","statementMap":{},"fnMap":{},"branchMap":{},"s":{},"f":{},"b":{}}
,"/Users/naome/Desktop/React-Fast-food-fast/src/views/homeView.jsx": {"path":"/Users/naome/Desktop/React-Fast-food-fast/src/views/homeView.jsx","statementMap":{"0":{"start":{"line":6,"column":4},"end":{"line":10,"column":6}}},"fnMap":{"0":{"name":"(anonymous_0)","decl":{"start":{"line":5,"column":2},"end":{"line":5,"column":3}},"loc":{"start":{"line":5,"column":11},"end":{"line":11,"column":3}},"line":5}},"branchMap":{},"s":{"0":0},"f":{"0":0},"b":{}}
,"/Users/naome/Desktop/React-Fast-food-fast/src/views/signupView.jsx": {"path":"/Users/naome/Desktop/React-Fast-food-fast/src/views/signupView.jsx","statementMap":{"0":{"start":{"line":7,"column":4},"end":{"line":11,"column":6}}},"fnMap":{"0":{"name":"(anonymous_0)","decl":{"start":{"line":6,"column":2},"end":{"line":6,"column":3}},"loc":{"start":{"line":6,"column":11},"end":{"line":12,"column":3}},"line":6}},"branchMap":{},"s":{"0":0},"f":{"0":0},"b":{}}
}
