{"/Users/naome/Desktop/React-Fast-food-fast/src/App.js": {"path":"/Users/naome/Desktop/React-Fast-food-fast/src/App.js","statementMap":{"0":{"start":{"line":7,"column":4},"end":{"line":11,"column":6}}},"fnMap":{"0":{"name":"(anonymous_0)","decl":{"start":{"line":6,"column":2},"end":{"line":6,"column":3}},"loc":{"start":{"line":6,"column":11},"end":{"line":12,"column":3}},"line":6}},"branchMap":{},"s":{"0":1},"f":{"0":1},"b":{},"_coverageSchema":"43e27e138ebf9cfc5966b082cf9a028302ed4184","hash":"8d61d4ac583bd0961470bcb23c2654b9d7057d0b"}
,"/Users/naome/Desktop/React-Fast-food-fast/src/WelcomeMessage.js": {"path":"/Users/naome/Desktop/React-Fast-food-fast/src/WelcomeMessage.js","statementMap":{"0":{"start":{"line":3,"column":15},"end":{"line":14,"column":1}},"1":{"start":{"line":16,"column":23},"end":{"line":23,"column":1}},"2":{"start":{"line":17,"column":2},"end":{"line":22,"column":4}}},"fnMap":{"0":{"name":"(anonymous_0)","decl":{"start":{"line":16,"column":23},"end":{"line":16,"column":24}},"loc":{"start":{"line":16,"column":40},"end":{"line":23,"column":1}},"line":16}},"branchMap":{},"s":{"0":1,"1":1,"2":1},"f":{"0":1},"b":{},"_coverageSchema":"43e27e138ebf9cfc5966b082cf9a028302ed4184","hash":"cf11a20a0bc64ba91e902872a52ef3383e5c3579"}
,"/Users/naome/Desktop/React-Fast-food-fast/src/index.js": {"path":"/Users/naome/Desktop/React-Fast-food-fast/src/index.js","statementMap":{"0":{"start":{"line":6,"column":0},"end":{"line":10,"column":2}}},"fnMap":{},"branchMap":{},"s":{"0":0},"f":{},"b":{}}
,"/Users/naome/Desktop/React-Fast-food-fast/src/Routes/index.js": {"path":"/Users/naome/Desktop/React-Fast-food-fast/src/Routes/index.js","statementMap":{"0":{"start":{"line":14,"column":4},"end":{"line":25,"column":6}}},"fnMap":{"0":{"name":"(anonymous_0)","decl":{"start":{"line":13,"column":2},"end":{"line":13,"column":3}},"loc":{"start":{"line":13,"column":11},"end":{"line":26,"column":3}},"line":13}},"branchMap":{},"s":{"0":1},"f":{"0":1},"b":{},"_coverageSchema":"43e27e138ebf9cfc5966b082cf9a028302ed4184","hash":"c87f73569505c29322dd128eb71d3fa55402fe51"}
,"/Users/naome/Desktop/React-Fast-food-fast/src/componets/FoodMenuComponet.js": {"path":"/Users/naome/Desktop/React-Fast-food-fast/src/componets/FoodMenuComponet.js","statementMap":{"0":{"start":{"line":14,"column":4},"end":{"line":60,"column":6}}},"fnMap":{"0":{"name":"(anonymous_0)","decl":{"start":{"line":13,"column":2},"end":{"line":13,"column":3}},"loc":{"start":{"line":13,"column":11},"end":{"line":61,"column":3}},"line":13}},"branchMap":{},"s":{"0":1},"f":{"0":1},"b":{},"_coverageSchema":"43e27e138ebf9cfc5966b082cf9a028302ed4184","hash":"26e59fcd08534c2a5c7ba4ebc8c5d7809bf0568d"}
,"/Users/naome/Desktop/React-Fast-food-fast/src/componets/header.js": {"path":"/Users/naome/Desktop/React-Fast-food-fast/src/componets/header.js","statementMap":{"0":{"start":{"line":6,"column":4},"end":{"line":18,"column":6}}},"fnMap":{"0":{"name":"(anonymous_0)","decl":{"start":{"line":5,"column":2},"end":{"line":5,"column":3}},"loc":{"start":{"line":5,"column":11},"end":{"line":19,"column":3}},"line":5}},"branchMap":{},"s":{"0":2},"f":{"0":2},"b":{},"_coverageSchema":"43e27e138ebf9cfc5966b082cf9a028302ed4184","hash":"83fb13fbc19b9c823ab6c6663bfc9b59aa74997e"}
,"/Users/naome/Desktop/React-Fast-food-fast/src/componets/homeComponet.js": {"path":"/Users/naome/Desktop/React-Fast-food-fast/src/componets/homeComponet.js","statementMap":{"0":{"start":{"line":10,"column":4},"end":{"line":49,"column":6}}},"fnMap":{"0":{"name":"(anonymous_0)","decl":{"start":{"line":9,"column":2},"end":{"line":9,"column":3}},"loc":{"start":{"line":9,"column":11},"end":{"line":50,"column":3}},"line":9}},"branchMap":{},"s":{"0":1},"f":{"0":1},"b":{},"_coverageSchema":"43e27e138ebf9cfc5966b082cf9a028302ed4184","hash":"4fc02c31dcca69cc6be8bdaf8957ca85851ad178"}
,"/Users/naome/Desktop/React-Fast-food-fast/src/componets/loginComponet.js": {"path":"/Users/naome/Desktop/React-Fast-food-fast/src/componets/loginComponet.js","statementMap":{"0":{"start":{"line":5,"column":56},"end":{"line":5,"column":66}},"1":{"start":{"line":6,"column":4},"end":{"line":48,"column":6}}},"fnMap":{"0":{"name":"(anonymous_0)","decl":{"start":{"line":4,"column":2},"end":{"line":4,"column":3}},"loc":{"start":{"line":4,"column":11},"end":{"line":49,"column":3}},"line":4}},"branchMap":{"0":{"loc":{"start":{"line":11,"column":15},"end":{"line":11,"column":73}},"type":"binary-expr","locations":[{"start":{"line":11,"column":15},"end":{"line":11,"column":20}},{"start":{"line":11,"column":24},"end":{"line":11,"column":73}}],"line":11},"1":{"loc":{"start":{"line":12,"column":15},"end":{"line":12,"column":77}},"type":"binary-expr","locations":[{"start":{"line":12,"column":15},"end":{"line":12,"column":22}},{"start":{"line":12,"column":26},"end":{"line":12,"column":77}}],"line":12}},"s":{"0":1,"1":1},"f":{"0":1},"b":{"0":[1,1],"1":[1,1]},"_coverageSchema":"43e27e138ebf9cfc5966b082cf9a028302ed4184","hash":"2557a3b2030a2631b1e305ca00a0174365e86e0c"}
,"/Users/naome/Desktop/React-Fast-food-fast/src/componets/signupComponet.js": {"path":"/Users/naome/Desktop/React-Fast-food-fast/src/componets/signupComponet.js","statementMap":{"0":{"start":{"line":7,"column":50},"end":{"line":7,"column":60}},"1":{"start":{"line":9,"column":4},"end":{"line":50,"column":6}},"2":{"start":{"line":53,"column":0},"end":{"line":55,"column":2}}},"fnMap":{"0":{"name":"(anonymous_0)","decl":{"start":{"line":6,"column":2},"end":{"line":6,"column":3}},"loc":{"start":{"line":6,"column":11},"end":{"line":51,"column":3}},"line":6}},"branchMap":{"0":{"loc":{"start":{"line":13,"column":13},"end":{"line":13,"column":71}},"type":"binary-expr","locations":[{"start":{"line":13,"column":13},"end":{"line":13,"column":18}},{"start":{"line":13,"column":22},"end":{"line":13,"column":71}}],"line":13}},"s":{"0":1,"1":1,"2":2},"f":{"0":1},"b":{"0":[1,1]},"_coverageSchema":"43e27e138ebf9cfc5966b082cf9a028302ed4184","hash":"fbebbeeee57d4d6c4238b9db61485de62da2a2f1"}
,"/Users/naome/Desktop/React-Fast-food-fast/src/redux/actions/AuthAction.js": {"path":"/Users/naome/Desktop/React-Fast-food-fast/src/redux/actions/AuthAction.js","statementMap":{"0":{"start":{"line":5,"column":22},"end":{"line":7,"column":2}},"1":{"start":{"line":9,"column":0},"end":{"line":12,"column":2}},"2":{"start":{"line":10,"column":14},"end":{"line":10,"column":22}},"3":{"start":{"line":11,"column":11},"end":{"line":11,"column":46}},"4":{"start":{"line":14,"column":30},"end":{"line":17,"column":2}},"5":{"start":{"line":14,"column":42},"end":{"line":17,"column":1}},"6":{"start":{"line":19,"column":31},"end":{"line":22,"column":2}},"7":{"start":{"line":19,"column":43},"end":{"line":22,"column":1}},"8":{"start":{"line":24,"column":27},"end":{"line":27,"column":2}},"9":{"start":{"line":24,"column":39},"end":{"line":27,"column":1}},"10":{"start":{"line":29,"column":32},"end":{"line":32,"column":2}},"11":{"start":{"line":29,"column":44},"end":{"line":32,"column":1}},"12":{"start":{"line":34,"column":28},"end":{"line":44,"column":1}},"13":{"start":{"line":34,"column":38},"end":{"line":44,"column":1}},"14":{"start":{"line":35,"column":2},"end":{"line":43,"column":7}},"15":{"start":{"line":38,"column":6},"end":{"line":38,"column":49}},"16":{"start":{"line":42,"column":6},"end":{"line":42,"column":47}},"17":{"start":{"line":46,"column":27},"end":{"line":59,"column":1}},"18":{"start":{"line":46,"column":40},"end":{"line":59,"column":1}},"19":{"start":{"line":47,"column":2},"end":{"line":58,"column":7}},"20":{"start":{"line":50,"column":6},"end":{"line":50,"column":41}},"21":{"start":{"line":51,"column":6},"end":{"line":51,"column":57}},"22":{"start":{"line":53,"column":6},"end":{"line":53,"column":59}},"23":{"start":{"line":54,"column":6},"end":{"line":54,"column":51}},"24":{"start":{"line":57,"column":6},"end":{"line":57,"column":48}}},"fnMap":{"0":{"name":"(anonymous_0)","decl":{"start":{"line":10,"column":2},"end":{"line":10,"column":3}},"loc":{"start":{"line":10,"column":14},"end":{"line":10,"column":22}},"line":10},"1":{"name":"(anonymous_1)","decl":{"start":{"line":11,"column":2},"end":{"line":11,"column":3}},"loc":{"start":{"line":11,"column":11},"end":{"line":11,"column":46}},"line":11},"2":{"name":"(anonymous_2)","decl":{"start":{"line":14,"column":30},"end":{"line":14,"column":31}},"loc":{"start":{"line":14,"column":42},"end":{"line":17,"column":1}},"line":14},"3":{"name":"(anonymous_3)","decl":{"start":{"line":19,"column":31},"end":{"line":19,"column":32}},"loc":{"start":{"line":19,"column":43},"end":{"line":22,"column":1}},"line":19},"4":{"name":"(anonymous_4)","decl":{"start":{"line":24,"column":27},"end":{"line":24,"column":28}},"loc":{"start":{"line":24,"column":39},"end":{"line":27,"column":1}},"line":24},"5":{"name":"(anonymous_5)","decl":{"start":{"line":29,"column":32},"end":{"line":29,"column":33}},"loc":{"start":{"line":29,"column":44},"end":{"line":32,"column":1}},"line":29},"6":{"name":"(anonymous_6)","decl":{"start":{"line":34,"column":28},"end":{"line":34,"column":29}},"loc":{"start":{"line":34,"column":38},"end":{"line":44,"column":1}},"line":34},"7":{"name":"(anonymous_7)","decl":{"start":{"line":34,"column":38},"end":{"line":34,"column":39}},"loc":{"start":{"line":34,"column":56},"end":{"line":44,"column":1}},"line":34},"8":{"name":"(anonymous_8)","decl":{"start":{"line":37,"column":10},"end":{"line":37,"column":11}},"loc":{"start":{"line":37,"column":22},"end":{"line":39,"column":5}},"line":37},"9":{"name":"(anonymous_9)","decl":{"start":{"line":41,"column":11},"end":{"line":41,"column":12}},"loc":{"start":{"line":41,"column":20},"end":{"line":43,"column":5}},"line":41},"10":{"name":"(anonymous_10)","decl":{"start":{"line":46,"column":27},"end":{"line":46,"column":28}},"loc":{"start":{"line":46,"column":40},"end":{"line":59,"column":1}},"line":46},"11":{"name":"(anonymous_11)","decl":{"start":{"line":46,"column":40},"end":{"line":46,"column":41}},"loc":{"start":{"line":46,"column":58},"end":{"line":59,"column":1}},"line":46},"12":{"name":"(anonymous_12)","decl":{"start":{"line":49,"column":10},"end":{"line":49,"column":11}},"loc":{"start":{"line":49,"column":22},"end":{"line":55,"column":5}},"line":49},"13":{"name":"(anonymous_13)","decl":{"start":{"line":56,"column":11},"end":{"line":56,"column":12}},"loc":{"start":{"line":56,"column":20},"end":{"line":58,"column":5}},"line":56}},"branchMap":{},"s":{"0":2,"1":2,"2":0,"3":0,"4":2,"5":1,"6":2,"7":1,"8":2,"9":0,"10":2,"11":0,"12":2,"13":0,"14":0,"15":0,"16":0,"17":2,"18":0,"19":0,"20":0,"21":0,"22":0,"23":0,"24":0},"f":{"0":0,"1":0,"2":1,"3":1,"4":0,"5":0,"6":0,"7":0,"8":0,"9":0,"10":0,"11":0,"12":0,"13":0},"b":{},"_coverageSchema":"43e27e138ebf9cfc5966b082cf9a028302ed4184","hash":"98c6057f1b8fa9b9c927fc840b34e5ac0b575f5f"}
,"/Users/naome/Desktop/React-Fast-food-fast/src/redux/actions/types.js": {"path":"/Users/naome/Desktop/React-Fast-food-fast/src/redux/actions/types.js","statementMap":{"0":{"start":{"line":1,"column":29},"end":{"line":1,"column":44}},"1":{"start":{"line":2,"column":26},"end":{"line":2,"column":38}},"2":{"start":{"line":3,"column":21},"end":{"line":3,"column":28}},"3":{"start":{"line":4,"column":27},"end":{"line":4,"column":40}}},"fnMap":{},"branchMap":{},"s":{"0":3,"1":3,"2":3,"3":3},"f":{},"b":{},"_coverageSchema":"43e27e138ebf9cfc5966b082cf9a028302ed4184","hash":"80939d028be2da8fb7cf849fc954719d67972b60"}
,"/Users/naome/Desktop/React-Fast-food-fast/src/redux/reducers/index.js": {"path":"/Users/naome/Desktop/React-Fast-food-fast/src/redux/reducers/index.js","statementMap":{},"fnMap":{},"branchMap":{},"s":{},"f":{},"b":{},"_coverageSchema":"43e27e138ebf9cfc5966b082cf9a028302ed4184","hash":"c215097e74c1ee716fd0dfbaab76872d40a8a28e"}
,"/Users/naome/Desktop/React-Fast-food-fast/src/redux/reducers/initialState.js": {"path":"/Users/naome/Desktop/React-Fast-food-fast/src/redux/reducers/initialState.js","statementMap":{},"fnMap":{},"branchMap":{},"s":{},"f":{},"b":{}}
,"/Users/naome/Desktop/React-Fast-food-fast/src/redux/reducers/loginReducer.js": {"path":"/Users/naome/Desktop/React-Fast-food-fast/src/redux/reducers/loginReducer.js","statementMap":{"0":{"start":{"line":3,"column":21},"end":{"line":6,"column":1}},"1":{"start":{"line":8,"column":28},"end":{"line":18,"column":1}},"2":{"start":{"line":9,"column":2},"end":{"line":17,"column":3}},"3":{"start":{"line":11,"column":6},"end":{"line":11,"column":56}},"4":{"start":{"line":13,"column":6},"end":{"line":13,"column":54}},"5":{"start":{"line":16,"column":6},"end":{"line":16,"column":19}}},"fnMap":{"0":{"name":"(anonymous_0)","decl":{"start":{"line":8,"column":28},"end":{"line":8,"column":29}},"loc":{"start":{"line":8,"column":62},"end":{"line":18,"column":1}},"line":8}},"branchMap":{"0":{"loc":{"start":{"line":8,"column":29},"end":{"line":8,"column":49}},"type":"default-arg","locations":[{"start":{"line":8,"column":37},"end":{"line":8,"column":49}}],"line":8},"1":{"loc":{"start":{"line":9,"column":2},"end":{"line":17,"column":3}},"type":"switch","locations":[{"start":{"line":10,"column":4},"end":{"line":11,"column":56}},{"start":{"line":12,"column":4},"end":{"line":13,"column":54}},{"start":{"line":15,"column":4},"end":{"line":16,"column":19}}],"line":9}},"s":{"0":1,"1":1,"2":3,"3":0,"4":0,"5":3},"f":{"0":3},"b":{"0":[3],"1":[0,0,3]},"_coverageSchema":"43e27e138ebf9cfc5966b082cf9a028302ed4184","hash":"cbd7c73d7dcf278a45fe0a3b3fe910eaf50be9da"}
,"/Users/naome/Desktop/React-Fast-food-fast/src/redux/reducers/signupReducer.js": {"path":"/Users/naome/Desktop/React-Fast-food-fast/src/redux/reducers/signupReducer.js","statementMap":{"0":{"start":{"line":3,"column":21},"end":{"line":6,"column":1}},"1":{"start":{"line":8,"column":27},"end":{"line":21,"column":1}},"2":{"start":{"line":9,"column":2},"end":{"line":20,"column":3}},"3":{"start":{"line":11,"column":6},"end":{"line":14,"column":8}},"4":{"start":{"line":16,"column":6},"end":{"line":16,"column":49}},"5":{"start":{"line":19,"column":6},"end":{"line":19,"column":19}}},"fnMap":{"0":{"name":"(anonymous_0)","decl":{"start":{"line":8,"column":27},"end":{"line":8,"column":28}},"loc":{"start":{"line":8,"column":61},"end":{"line":21,"column":1}},"line":8}},"branchMap":{"0":{"loc":{"start":{"line":8,"column":28},"end":{"line":8,"column":48}},"type":"default-arg","locations":[{"start":{"line":8,"column":36},"end":{"line":8,"column":48}}],"line":8},"1":{"loc":{"start":{"line":9,"column":2},"end":{"line":20,"column":3}},"type":"switch","locations":[{"start":{"line":10,"column":4},"end":{"line":14,"column":8}},{"start":{"line":15,"column":4},"end":{"line":16,"column":49}},{"start":{"line":18,"column":4},"end":{"line":19,"column":19}}],"line":9}},"s":{"0":2,"1":2,"2":5,"3":1,"4":1,"5":3},"f":{"0":5},"b":{"0":[3],"1":[1,1,3]},"_coverageSchema":"43e27e138ebf9cfc5966b082cf9a028302ed4184","hash":"491a071595f4436cf0b31406ee1b1b25753a2aa3"}
,"/Users/naome/Desktop/React-Fast-food-fast/src/redux/store/Store.js": {"path":"/Users/naome/Desktop/React-Fast-food-fast/src/redux/store/Store.js","statementMap":{"0":{"start":{"line":6,"column":14},"end":{"line":9,"column":1}}},"fnMap":{},"branchMap":{},"s":{"0":1},"f":{},"b":{},"_coverageSchema":"43e27e138ebf9cfc5966b082cf9a028302ed4184","hash":"207bc4af3d9c52ca79d2eb66f3185d5ad6aa7afd"}
,"/Users/naome/Desktop/React-Fast-food-fast/src/views/foodMenuView.js": {"path":"/Users/naome/Desktop/React-Fast-food-fast/src/views/foodMenuView.js","statementMap":{"0":{"start":{"line":7,"column":4},"end":{"line":11,"column":6}},"1":{"start":{"line":15,"column":24},"end":{"line":15,"column":37}},"2":{"start":{"line":15,"column":34},"end":{"line":15,"column":36}}},"fnMap":{"0":{"name":"(anonymous_0)","decl":{"start":{"line":6,"column":2},"end":{"line":6,"column":3}},"loc":{"start":{"line":6,"column":11},"end":{"line":12,"column":3}},"line":6},"1":{"name":"(anonymous_1)","decl":{"start":{"line":15,"column":24},"end":{"line":15,"column":25}},"loc":{"start":{"line":15,"column":34},"end":{"line":15,"column":36}},"line":15}},"branchMap":{},"s":{"0":0,"1":1,"2":0},"f":{"0":0,"1":0},"b":{},"_coverageSchema":"43e27e138ebf9cfc5966b082cf9a028302ed4184","hash":"a48e91dc73beddea7d177d80a71ada137bb8e11b"}
,"/Users/naome/Desktop/React-Fast-food-fast/src/views/homeView.jsx": {"path":"/Users/naome/Desktop/React-Fast-food-fast/src/views/homeView.jsx","statementMap":{"0":{"start":{"line":6,"column":4},"end":{"line":10,"column":6}}},"fnMap":{"0":{"name":"(anonymous_0)","decl":{"start":{"line":5,"column":2},"end":{"line":5,"column":3}},"loc":{"start":{"line":5,"column":11},"end":{"line":11,"column":3}},"line":5}},"branchMap":{},"s":{"0":1},"f":{"0":1},"b":{},"_coverageSchema":"43e27e138ebf9cfc5966b082cf9a028302ed4184","hash":"653ac96326dfdb5f3221f3790c67bafdc06b7a88"}
,"/Users/naome/Desktop/React-Fast-food-fast/src/views/loginView.jsx": {"path":"/Users/naome/Desktop/React-Fast-food-fast/src/views/loginView.jsx","statementMap":{"0":{"start":{"line":17,"column":4},"end":{"line":17,"column":59}},"1":{"start":{"line":21,"column":4},"end":{"line":21,"column":25}},"2":{"start":{"line":22,"column":21},"end":{"line":25,"column":5}},"3":{"start":{"line":26,"column":4},"end":{"line":26,"column":43}},"4":{"start":{"line":27,"column":4},"end":{"line":29,"column":5}},"5":{"start":{"line":28,"column":6},"end":{"line":28,"column":35}},"6":{"start":{"line":32,"column":28},"end":{"line":32,"column":38}},"7":{"start":{"line":33,"column":4},"end":{"line":43,"column":6}},"8":{"start":{"line":47,"column":24},"end":{"line":52,"column":1}},"9":{"start":{"line":48,"column":2},"end":{"line":51,"column":4}}},"fnMap":{"0":{"name":"(anonymous_0)","decl":{"start":{"line":16,"column":13},"end":{"line":16,"column":14}},"loc":{"start":{"line":16,"column":20},"end":{"line":18,"column":3}},"line":16},"1":{"name":"(anonymous_1)","decl":{"start":{"line":20,"column":12},"end":{"line":20,"column":13}},"loc":{"start":{"line":20,"column":25},"end":{"line":30,"column":3}},"line":20},"2":{"name":"(anonymous_2)","decl":{"start":{"line":31,"column":2},"end":{"line":31,"column":3}},"loc":{"start":{"line":31,"column":11},"end":{"line":44,"column":3}},"line":31},"3":{"name":"(anonymous_3)","decl":{"start":{"line":47,"column":24},"end":{"line":47,"column":25}},"loc":{"start":{"line":47,"column":33},"end":{"line":52,"column":1}},"line":47}},"branchMap":{"0":{"loc":{"start":{"line":27,"column":4},"end":{"line":29,"column":5}},"type":"if","locations":[{"start":{"line":27,"column":4},"end":{"line":29,"column":5}},{"start":{"line":27,"column":4},"end":{"line":29,"column":5}}],"line":27}},"s":{"0":0,"1":0,"2":0,"3":0,"4":0,"5":0,"6":0,"7":0,"8":1,"9":0},"f":{"0":0,"1":0,"2":0,"3":0},"b":{"0":[0,0]},"_coverageSchema":"43e27e138ebf9cfc5966b082cf9a028302ed4184","hash":"6e99cf693b8a3f26102dbd3b377219a61b6ca418"}
,"/Users/naome/Desktop/React-Fast-food-fast/src/views/signupView.jsx": {"path":"/Users/naome/Desktop/React-Fast-food-fast/src/views/signupView.jsx","statementMap":{"0":{"start":{"line":18,"column":4},"end":{"line":18,"column":59}},"1":{"start":{"line":22,"column":4},"end":{"line":22,"column":25}},"2":{"start":{"line":23,"column":21},"end":{"line":26,"column":5}},"3":{"start":{"line":27,"column":4},"end":{"line":27,"column":44}},"4":{"start":{"line":28,"column":4},"end":{"line":32,"column":5}},"5":{"start":{"line":29,"column":6},"end":{"line":29,"column":35}},"6":{"start":{"line":31,"column":6},"end":{"line":31,"column":40}},"7":{"start":{"line":36,"column":29},"end":{"line":36,"column":39}},"8":{"start":{"line":38,"column":4},"end":{"line":47,"column":6}},"9":{"start":{"line":51,"column":0},"end":{"line":53,"column":2}},"10":{"start":{"line":55,"column":24},"end":{"line":60,"column":1}},"11":{"start":{"line":56,"column":2},"end":{"line":59,"column":4}}},"fnMap":{"0":{"name":"(anonymous_0)","decl":{"start":{"line":17,"column":13},"end":{"line":17,"column":14}},"loc":{"start":{"line":17,"column":20},"end":{"line":19,"column":3}},"line":17},"1":{"name":"(anonymous_1)","decl":{"start":{"line":21,"column":12},"end":{"line":21,"column":13}},"loc":{"start":{"line":21,"column":25},"end":{"line":33,"column":3}},"line":21},"2":{"name":"(anonymous_2)","decl":{"start":{"line":35,"column":2},"end":{"line":35,"column":3}},"loc":{"start":{"line":35,"column":11},"end":{"line":48,"column":3}},"line":35},"3":{"name":"(anonymous_3)","decl":{"start":{"line":55,"column":24},"end":{"line":55,"column":25}},"loc":{"start":{"line":55,"column":33},"end":{"line":60,"column":1}},"line":55}},"branchMap":{"0":{"loc":{"start":{"line":28,"column":4},"end":{"line":32,"column":5}},"type":"if","locations":[{"start":{"line":28,"column":4},"end":{"line":32,"column":5}},{"start":{"line":28,"column":4},"end":{"line":32,"column":5}}],"line":28}},"s":{"0":0,"1":0,"2":0,"3":0,"4":0,"5":0,"6":0,"7":0,"8":0,"9":1,"10":1,"11":0},"f":{"0":0,"1":0,"2":0,"3":0},"b":{"0":[0,0]},"_coverageSchema":"43e27e138ebf9cfc5966b082cf9a028302ed4184","hash":"ccf401bee0df2e769273070324d9fea6f56ea9fb"}
}
