TN:
SF:/Users/naome/Desktop/React-Fast-food-fast/src/App.js
FN:6,(anonymous_0)
FNF:1
FNH:1
FNDA:1,(anonymous_0)
DA:7,1
LF:1
LH:1
BRF:0
BRH:0
end_of_record
TN:
SF:/Users/naome/Desktop/React-Fast-food-fast/src/index.js
FNF:0
FNH:0
DA:6,0
LF:1
LH:0
BRF:0
BRH:0
end_of_record
TN:
SF:/Users/naome/Desktop/React-Fast-food-fast/src/Routes/index.js
FN:13,(anonymous_0)
FNF:1
FNH:1
FNDA:1,(anonymous_0)
DA:14,1
LF:1
LH:1
BRF:0
BRH:0
end_of_record
TN:
SF:/Users/naome/Desktop/React-Fast-food-fast/src/componets/FoodMenuComponet.js
FN:11,(anonymous_0)
FNF:1
FNH:1
FNDA:1,(anonymous_0)
DA:12,1
LF:1
LH:1
BRF:0
BRH:0
end_of_record
TN:
SF:/Users/naome/Desktop/React-Fast-food-fast/src/componets/header.js
FN:5,(anonymous_0)
FNF:1
FNH:1
FNDA:2,(anonymous_0)
DA:6,2
LF:1
LH:1
BRF:0
BRH:0
end_of_record
TN:
SF:/Users/naome/Desktop/React-Fast-food-fast/src/componets/homeComponet.js
FN:9,(anonymous_0)
FNF:1
FNH:1
FNDA:1,(anonymous_0)
DA:10,1
LF:1
LH:1
BRF:0
BRH:0
end_of_record
TN:
SF:/Users/naome/Desktop/React-Fast-food-fast/src/componets/loginComponet.js
FN:5,(anonymous_0)
FNF:1
FNH:1
FNDA:1,(anonymous_0)
DA:6,1
DA:7,1
LF:2
LH:2
BRDA:12,0,0,1
BRDA:12,0,1,1
BRDA:13,1,0,1
BRDA:13,1,1,1
BRF:4
BRH:4
end_of_record
TN:
SF:/Users/naome/Desktop/React-Fast-food-fast/src/componets/signupComponet.js
FN:7,(anonymous_0)
FNF:1
FNH:1
FNDA:1,(anonymous_0)
DA:8,1
DA:10,1
DA:54,2
LF:3
LH:3
BRDA:14,0,0,1
BRDA:14,0,1,1
BRF:2
BRH:2
end_of_record
TN:
SF:/Users/naome/Desktop/React-Fast-food-fast/src/redux/actions/AuthAction.js
FN:10,(anonymous_0)
FN:11,(anonymous_1)
FN:14,(anonymous_2)
FN:19,(anonymous_3)
FN:24,(anonymous_4)
FN:29,(anonymous_5)
FN:34,(anonymous_6)
FN:34,(anonymous_7)
FN:38,(anonymous_8)
FN:42,(anonymous_9)
FN:47,(anonymous_10)
FN:47,(anonymous_11)
FN:50,(anonymous_12)
FN:56,(anonymous_13)
FNF:14
FNH:4
FNDA:0,(anonymous_0)
FNDA:0,(anonymous_1)
FNDA:0,(anonymous_2)
FNDA:0,(anonymous_3)
FNDA:0,(anonymous_4)
FNDA:0,(anonymous_5)
FNDA:1,(anonymous_6)
FNDA:1,(anonymous_7)
FNDA:0,(anonymous_8)
FNDA:0,(anonymous_9)
FNDA:2,(anonymous_10)
FNDA:2,(anonymous_11)
FNDA:0,(anonymous_12)
FNDA:0,(anonymous_13)
DA:5,2
DA:9,2
DA:10,0
DA:11,0
DA:14,2
DA:19,2
DA:24,2
DA:29,2
DA:34,2
DA:35,1
DA:36,1
DA:39,0
DA:43,0
DA:47,2
DA:48,2
DA:51,0
DA:53,0
DA:54,0
DA:57,0
LF:19
LH:11
BRF:0
BRH:0
end_of_record
TN:
SF:/Users/naome/Desktop/React-Fast-food-fast/src/redux/actions/types.js
FNF:0
FNH:0
DA:1,4
DA:2,4
DA:3,4
DA:4,4
LF:4
LH:4
BRF:0
BRH:0
end_of_record
TN:
SF:/Users/naome/Desktop/React-Fast-food-fast/src/redux/reducers/index.js
FNF:0
FNH:0
LF:0
LH:0
BRF:0
BRH:0
end_of_record
TN:
SF:/Users/naome/Desktop/React-Fast-food-fast/src/redux/reducers/initialState.js
FNF:0
FNH:0
LF:0
LH:0
BRF:0
BRH:0
end_of_record
TN:
SF:/Users/naome/Desktop/React-Fast-food-fast/src/redux/reducers/loginReducer.js
FN:8,(anonymous_0)
FNF:1
FNH:1
FNDA:5,(anonymous_0)
DA:3,2
DA:8,2
DA:9,5
DA:11,1
DA:13,1
DA:16,3
LF:6
LH:6
BRDA:8,0,0,3
BRDA:9,1,0,1
BRDA:9,1,1,1
BRDA:9,1,2,3
BRF:4
BRH:4
end_of_record
TN:
SF:/Users/naome/Desktop/React-Fast-food-fast/src/redux/reducers/signupReducer.js
FN:8,(anonymous_0)
FNF:1
FNH:1
FNDA:5,(anonymous_0)
DA:3,2
DA:8,2
DA:9,5
DA:11,1
DA:17,1
DA:20,3
LF:6
LH:6
BRDA:8,0,0,3
BRDA:9,1,0,1
BRDA:9,1,1,1
BRDA:9,1,2,3
BRF:4
BRH:4
end_of_record
TN:
SF:/Users/naome/Desktop/React-Fast-food-fast/src/redux/store/Store.js
FNF:0
FNH:0
DA:6,1
LF:1
LH:1
BRF:0
BRH:0
end_of_record
TN:
SF:/Users/naome/Desktop/React-Fast-food-fast/src/views/foodMenuView.js
FN:6,(anonymous_0)
FN:15,(anonymous_1)
FNF:2
FNH:0
FNDA:0,(anonymous_0)
FNDA:0,(anonymous_1)
DA:7,0
DA:15,1
LF:2
LH:1
BRF:0
BRH:0
end_of_record
TN:
SF:/Users/naome/Desktop/React-Fast-food-fast/src/views/homeView.jsx
FN:5,(anonymous_0)
FNF:1
FNH:1
FNDA:1,(anonymous_0)
DA:6,1
LF:1
LH:1
BRF:0
BRH:0
end_of_record
TN:
SF:/Users/naome/Desktop/React-Fast-food-fast/src/views/loginView.jsx
FN:16,(anonymous_0)
FN:20,(anonymous_1)
FN:31,(anonymous_2)
FN:47,(anonymous_3)
FNF:4
FNH:0
FNDA:0,(anonymous_0)
FNDA:0,(anonymous_1)
FNDA:0,(anonymous_2)
FNDA:0,(anonymous_3)
DA:17,0
DA:21,0
DA:22,0
DA:26,0
DA:27,0
DA:28,0
DA:32,0
DA:33,0
DA:47,1
DA:48,0
LF:10
LH:1
BRDA:27,0,0,0
BRDA:27,0,1,0
BRF:2
BRH:0
end_of_record
TN:
SF:/Users/naome/Desktop/React-Fast-food-fast/src/views/signupView.jsx
FN:19,(anonymous_0)
FN:26,(anonymous_1)
FN:40,(anonymous_2)
FN:60,(anonymous_3)
FNF:4
FNH:0
FNDA:0,(anonymous_0)
FNDA:0,(anonymous_1)
FNDA:0,(anonymous_2)
FNDA:0,(anonymous_3)
DA:20,0
DA:27,0
DA:28,0
DA:33,0
DA:34,0
DA:36,0
DA:41,0
DA:43,0
DA:56,1
DA:60,1
DA:61,0
LF:11
LH:2
BRDA:34,0,0,0
BRDA:34,0,1,0
BRF:2
BRH:0
end_of_record
